AppIntro/build/intermediates/manifest_merge_blame_file/release/manifest-merger-blame-release-report.txt
1<?xml version="1.0" encoding="utf-8"?>
2<manifest xmlns:android="http://schemas.android.com/apk/res/android"
3    package="com.github.paolorotolo.appintro" >
4
5    <uses-sdk
6        android:minSdkVersion="21"
6-->src\main\AndroidManifest.xml
7        android:targetSdkVersion="30" />
7-->src\main\AndroidManifest.xml
8
9    <uses-permission android:name="android.permission.VIBRATE" />
9-->src\main\AndroidManifest.xml:4:5-66
9-->src\main\AndroidManifest.xml:4:22-63
10
11    <application android:supportsRtl="true" />
11-->src\main\AndroidManifest.xml:5:5-47
11-->src\main\AndroidManifest.xml:5:18-44
12
13</manifest>